# JRE version: OpenJDK Runtime Environment (21.0.10) (build 21.0.10+-14961533-b1163.108)
# Java VM: OpenJDK 64-Bit Server VM (21.0.10+-14961533-b1163.108, mixed mode, tiered, compressed oops, compressed class ptrs, g1 gc, windows-amd64)
GC Precious Log:
 CardTable entry size: 512
 Card Set container configuration: InlinePtr #cards 5 size 8 Array Of Cards #cards 12 size 40 Howl #buckets 4 coarsen threshold 1843 Howl Bitmap #cards 512 size 80 coarsen threshold 460 Card regions per heap region 1 cards per card region 2048
 CPUs: 4 total, 4 available
 Memory: 7975M
 Large Page Support: Disabled
 NUMA Support: Disabled
 Compressed Oops: Enabled (32-bit)
 Heap Region Size: 1M
 Heap Min Capacity: 8M
 Heap Initial Capacity: 126M
 Heap Max Capacity: 1994M
 Pre-touch: Disabled
 Parallel Workers: 4
 Concurrent Workers: 1
 Concurrent Refinement Workers: 4
 Periodic GC: Disabled
Heap:
 garbage-first heap   total 61440K, used 42954K [0x0000000083600000, 0x0000000100000000)
  region size 1024K, 10 young (10240K), 2 survivors (2048K)
 Metaspace       used 51167K, committed 51904K, reserved 1114112K
  class space    used 6185K, committed 6528K, reserved 1048576K
GC Heap History (20 events):
Event: 3.262 GC heap before
{Heap before GC invocations=6 (full 0):
 garbage-first heap   total 37888K, used 31744K [0x0000000083600000, 0x0000000100000000)
  region size 1024K, 19 young (19456K), 3 survivors (3072K)
 Metaspace       used 30123K, committed 30272K, reserved 1114112K
  class space    used 3769K, committed 3840K, reserved 1048576K
}
Event: 3.275 GC heap after
{Heap after GC invocations=7 (full 0):
 garbage-first heap   total 38912K, used 19456K [0x0000000083600000, 0x0000000100000000)
  region size 1024K, 3 young (3072K), 3 survivors (3072K)
 Metaspace       used 30123K, committed 30272K, reserved 1114112K
  class space    used 3769K, committed 3840K, reserved 1048576K
}
Event: 3.613 GC heap before
{Heap before GC invocations=7 (full 0):
 garbage-first heap   total 38912K, used 30720K [0x0000000083600000, 0x0000000100000000)
  region size 1024K, 14 young (14336K), 3 survivors (3072K)
 Metaspace       used 33505K, committed 33728K, reserved 1114112K
  class space    used 4146K, committed 4224K, reserved 1048576K
}
Event: 3.622 GC heap after
{Heap after GC invocations=8 (full 0):
 garbage-first heap   total 48128K, used 21458K [0x0000000083600000, 0x0000000100000000)
  region size 1024K, 2 young (2048K), 2 survivors (2048K)
 Metaspace       used 33505K, committed 33728K, reserved 1114112K
  class space    used 4146K, committed 4224K, reserved 1048576K
}
Event: 3.934 GC heap before
{Heap before GC invocations=8 (full 0):
 garbage-first heap   total 48128K, used 38866K [0x0000000083600000, 0x0000000100000000)
  region size 1024K, 18 young (18432K), 2 survivors (2048K)
 Metaspace       used 34846K, committed 35072K, reserved 1114112K
  class space    used 4274K, committed 4416K, reserved 1048576K
}
Event: 3.940 GC heap after
{Heap after GC invocations=9 (full 0):
 garbage-first heap   total 48128K, used 22149K [0x0000000083600000, 0x0000000100000000)
  region size 1024K, 3 young (3072K), 3 survivors (3072K)
 Metaspace       used 34846K, committed 35072K, reserved 1114112K
  class space    used 4274K, committed 4416K, reserved 1048576K
}
Event: 4.047 GC heap before
{Heap before GC invocations=9 (full 0):
 garbage-first heap   total 48128K, used 26245K [0x0000000083600000, 0x0000000100000000)
  region size 1024K, 8 young (8192K), 3 survivors (3072K)
 Metaspace       used 35757K, committed 35968K, reserved 1114112K
  class space    used 4385K, committed 4480K, reserved 1048576K
}
Event: 4.053 GC heap after
{Heap after GC invocations=10 (full 0):
 garbage-first heap   total 48128K, used 23203K [0x0000000083600000, 0x0000000100000000)
  region size 1024K, 1 young (1024K), 1 survivors (1024K)
 Metaspace       used 35757K, committed 35968K, reserved 1114112K
  class space    used 4385K, committed 4480K, reserved 1048576K
}
Event: 4.522 GC heap before
{Heap before GC invocations=11 (full 0):
 garbage-first heap   total 48128K, used 38563K [0x0000000083600000, 0x0000000100000000)
  region size 1024K, 17 young (17408K), 1 survivors (1024K)
 Metaspace       used 39000K, committed 39296K, reserved 1114112K
  class space    used 4670K, committed 4800K, reserved 1048576K
}
Event: 4.527 GC heap after
{Heap after GC invocations=12 (full 0):
 garbage-first heap   total 48128K, used 24669K [0x0000000083600000, 0x0000000100000000)
  region size 1024K, 3 young (3072K), 3 survivors (3072K)
 Metaspace       used 39000K, committed 39296K, reserved 1114112K
  class space    used 4670K, committed 4800K, reserved 1048576K
}
Event: 5.385 GC heap before
{Heap before GC invocations=12 (full 0):
 garbage-first heap   total 48128K, used 40029K [0x0000000083600000, 0x0000000100000000)
  region size 1024K, 18 young (18432K), 3 survivors (3072K)
 Metaspace       used 41581K, committed 42112K, reserved 1114112K
  class space    used 5006K, committed 5248K, reserved 1048576K
}
Event: 5.393 GC heap after
{Heap after GC invocations=13 (full 0):
 garbage-first heap   total 48128K, used 25985K [0x0000000083600000, 0x0000000100000000)
  region size 1024K, 3 young (3072K), 3 survivors (3072K)
 Metaspace       used 41581K, committed 42112K, reserved 1114112K
  class space    used 5006K, committed 5248K, reserved 1048576K
}
Event: 6.015 GC heap before
{Heap before GC invocations=13 (full 0):
 garbage-first heap   total 48128K, used 41345K [0x0000000083600000, 0x0000000100000000)
  region size 1024K, 18 young (18432K), 3 survivors (3072K)
 Metaspace       used 44557K, committed 45248K, reserved 1114112K
  class space    used 5416K, committed 5696K, reserved 1048576K
}
Event: 6.023 GC heap after
{Heap after GC invocations=14 (full 0):
 garbage-first heap   total 48128K, used 27114K [0x0000000083600000, 0x0000000100000000)
  region size 1024K, 1 young (1024K), 1 survivors (1024K)
 Metaspace       used 44557K, committed 45248K, reserved 1114112K
  class space    used 5416K, committed 5696K, reserved 1048576K
}
Event: 7.058 GC heap before
{Heap before GC invocations=15 (full 0):
 garbage-first heap   total 48128K, used 41450K [0x0000000083600000, 0x0000000100000000)
  region size 1024K, 15 young (15360K), 1 survivors (1024K)
 Metaspace       used 47018K, committed 47744K, reserved 1114112K
  class space    used 5675K, committed 6016K, reserved 1048576K
}
Event: 7.066 GC heap after
{Heap after GC invocations=16 (full 0):
 garbage-first heap   total 48128K, used 29940K [0x0000000083600000, 0x0000000100000000)
  region size 1024K, 2 young (2048K), 2 survivors (2048K)
 Metaspace       used 47018K, committed 47744K, reserved 1114112K
  class space    used 5675K, committed 6016K, reserved 1048576K
}
Event: 7.992 GC heap before
{Heap before GC invocations=16 (full 0):
 garbage-first heap   total 48128K, used 43252K [0x0000000083600000, 0x0000000100000000)
  region size 1024K, 13 young (13312K), 2 survivors (2048K)
 Metaspace       used 49028K, committed 49728K, reserved 1114112K
  class space    used 5884K, committed 6208K, reserved 1048576K
}
Event: 8.000 GC heap after
{Heap after GC invocations=17 (full 0):
 garbage-first heap   total 48128K, used 33309K [0x0000000083600000, 0x0000000100000000)
  region size 1024K, 2 young (2048K), 2 survivors (2048K)
 Metaspace       used 49028K, committed 49728K, reserved 1114112K
  class space    used 5884K, committed 6208K, reserved 1048576K
}
Event: 8.258 GC heap before
{Heap before GC invocations=17 (full 0):
 garbage-first heap   total 48128K, used 42525K [0x0000000083600000, 0x0000000100000000)
  region size 1024K, 11 young (11264K), 2 survivors (2048K)
 Metaspace       used 51131K, committed 51840K, reserved 1114112K
  class space    used 6185K, committed 6528K, reserved 1048576K
}
Event: 8.263 GC heap after
{Heap after GC invocations=18 (full 0):
 garbage-first heap   total 48128K, used 34762K [0x0000000083600000, 0x0000000100000000)
  region size 1024K, 2 young (2048K), 2 survivors (2048K)
 Metaspace       used 51131K, committed 51840K, reserved 1114112K
  class space    used 6185K, committed 6528K, reserved 1048576K
}

