# JRE version: OpenJDK Runtime Environment (21.0.10) (build 21.0.10+-14961533-b1163.108)
# Java VM: OpenJDK 64-Bit Server VM (21.0.10+-14961533-b1163.108, mixed mode, tiered, compressed oops, compressed class ptrs, g1 gc, windows-amd64)
GC Precious Log:
 CardTable entry size: 512
 Card Set container configuration: InlinePtr #cards 5 size 8 Array Of Cards #cards 12 size 40 Howl #buckets 4 coarsen threshold 1843 Howl Bitmap #cards 512 size 80 coarsen threshold 460 Card regions per heap region 1 cards per card region 2048
 CPUs: 4 total, 4 available
 Memory: 7975M
 Large Page Support: Disabled
 NUMA Support: Disabled
 Compressed Oops: Enabled (32-bit)
 Heap Region Size: 1M
 Heap Min Capacity: 8M
 Heap Initial Capacity: 126M
 Heap Max Capacity: 1994M
 Pre-touch: Disabled
 Parallel Workers: 4
 Concurrent Workers: 1
 Concurrent Refinement Workers: 4
 Periodic GC: Disabled
Heap:
 garbage-first heap   total 71680K, used 53763K [0x0000000083600000, 0x0000000100000000)
  region size 1024K, 10 young (10240K), 3 survivors (3072K)
 Metaspace       used 67452K, committed 68288K, reserved 1114112K
  class space    used 8190K, committed 8576K, reserved 1048576K
GC Heap History (20 events):
Event: 11.931 GC heap before
{Heap before GC invocations=16 (full 0):
 garbage-first heap   total 51200K, used 43588K [0x0000000083600000, 0x0000000100000000)
  region size 1024K, 18 young (18432K), 3 survivors (3072K)
 Metaspace       used 48104K, committed 48768K, reserved 1114112K
  class space    used 5784K, committed 6080K, reserved 1048576K
}
Event: 11.944 GC heap after
{Heap after GC invocations=17 (full 0):
 garbage-first heap   total 51200K, used 30559K [0x0000000083600000, 0x0000000100000000)
  region size 1024K, 3 young (3072K), 3 survivors (3072K)
 Metaspace       used 48104K, committed 48768K, reserved 1114112K
  class space    used 5784K, committed 6080K, reserved 1048576K
}
Event: 12.344 GC heap before
{Heap before GC invocations=17 (full 0):
 garbage-first heap   total 51200K, used 33631K [0x0000000083600000, 0x0000000100000000)
  region size 1024K, 7 young (7168K), 3 survivors (3072K)
 Metaspace       used 48613K, committed 49280K, reserved 1114112K
  class space    used 5837K, committed 6144K, reserved 1048576K
}
Event: 12.351 GC heap after
{Heap after GC invocations=18 (full 0):
 garbage-first heap   total 51200K, used 31489K [0x0000000083600000, 0x0000000100000000)
  region size 1024K, 1 young (1024K), 1 survivors (1024K)
 Metaspace       used 48613K, committed 49280K, reserved 1114112K
  class space    used 5837K, committed 6144K, reserved 1048576K
}
Event: 13.055 GC heap before
{Heap before GC invocations=19 (full 0):
 garbage-first heap   total 55296K, used 46849K [0x0000000083600000, 0x0000000100000000)
  region size 1024K, 14 young (14336K), 1 survivors (1024K)
 Metaspace       used 51075K, committed 51776K, reserved 1114112K
  class space    used 6178K, committed 6528K, reserved 1048576K
}
Event: 13.060 GC heap after
{Heap after GC invocations=20 (full 0):
 garbage-first heap   total 55296K, used 35584K [0x0000000083600000, 0x0000000100000000)
  region size 1024K, 2 young (2048K), 2 survivors (2048K)
 Metaspace       used 51075K, committed 51776K, reserved 1114112K
  class space    used 6178K, committed 6528K, reserved 1048576K
}
Event: 13.160 GC heap before
{Heap before GC invocations=20 (full 0):
 garbage-first heap   total 55296K, used 47872K [0x0000000083600000, 0x0000000100000000)
  region size 1024K, 15 young (15360K), 2 survivors (2048K)
 Metaspace       used 51158K, committed 51904K, reserved 1114112K
  class space    used 6179K, committed 6528K, reserved 1048576K
}
Event: 13.165 GC heap after
{Heap after GC invocations=21 (full 0):
 garbage-first heap   total 55296K, used 36280K [0x0000000083600000, 0x0000000100000000)
  region size 1024K, 1 young (1024K), 1 survivors (1024K)
 Metaspace       used 51158K, committed 51904K, reserved 1114112K
  class space    used 6179K, committed 6528K, reserved 1048576K
}
Event: 13.482 GC heap before
{Heap before GC invocations=21 (full 0):
 garbage-first heap   total 55296K, used 48568K [0x0000000083600000, 0x0000000100000000)
  region size 1024K, 14 young (14336K), 1 survivors (1024K)
 Metaspace       used 51203K, committed 51904K, reserved 1114112K
  class space    used 6179K, committed 6528K, reserved 1048576K
}
Event: 13.484 GC heap after
{Heap after GC invocations=22 (full 0):
 garbage-first heap   total 55296K, used 36524K [0x0000000083600000, 0x0000000100000000)
  region size 1024K, 2 young (2048K), 2 survivors (2048K)
 Metaspace       used 51203K, committed 51904K, reserved 1114112K
  class space    used 6179K, committed 6528K, reserved 1048576K
}
Event: 14.439 GC heap before
{Heap before GC invocations=23 (full 0):
 garbage-first heap   total 63488K, used 47788K [0x0000000083600000, 0x0000000100000000)
  region size 1024K, 14 young (14336K), 2 survivors (2048K)
 Metaspace       used 53043K, committed 53760K, reserved 1114112K
  class space    used 6439K, committed 6784K, reserved 1048576K
}
Event: 14.443 GC heap after
{Heap after GC invocations=24 (full 0):
 garbage-first heap   total 63488K, used 37474K [0x0000000083600000, 0x0000000100000000)
  region size 1024K, 2 young (2048K), 2 survivors (2048K)
 Metaspace       used 53043K, committed 53760K, reserved 1114112K
  class space    used 6439K, committed 6784K, reserved 1048576K
}
Event: 15.393 GC heap before
{Heap before GC invocations=24 (full 0):
 garbage-first heap   total 63488K, used 55906K [0x0000000083600000, 0x0000000100000000)
  region size 1024K, 21 young (21504K), 2 survivors (2048K)
 Metaspace       used 55534K, committed 56320K, reserved 1114112K
  class space    used 6732K, committed 7104K, reserved 1048576K
}
Event: 15.404 GC heap after
{Heap after GC invocations=25 (full 0):
 garbage-first heap   total 63488K, used 40243K [0x0000000083600000, 0x0000000100000000)
  region size 1024K, 3 young (3072K), 3 survivors (3072K)
 Metaspace       used 55534K, committed 56320K, reserved 1114112K
  class space    used 6732K, committed 7104K, reserved 1048576K
}
Event: 16.192 GC heap before
{Heap before GC invocations=25 (full 0):
 garbage-first heap   total 63488K, used 56627K [0x0000000083600000, 0x0000000100000000)
  region size 1024K, 19 young (19456K), 3 survivors (3072K)
 Metaspace       used 59459K, committed 60288K, reserved 1114112K
  class space    used 7221K, committed 7616K, reserved 1048576K
}
Event: 16.201 GC heap after
{Heap after GC invocations=26 (full 0):
 garbage-first heap   total 63488K, used 42539K [0x0000000083600000, 0x0000000100000000)
  region size 1024K, 2 young (2048K), 2 survivors (2048K)
 Metaspace       used 59459K, committed 60288K, reserved 1114112K
  class space    used 7221K, committed 7616K, reserved 1048576K
}
Event: 16.813 GC heap before
{Heap before GC invocations=27 (full 0):
 garbage-first heap   total 71680K, used 56875K [0x0000000083600000, 0x0000000100000000)
  region size 1024K, 16 young (16384K), 2 survivors (2048K)
 Metaspace       used 61923K, committed 62720K, reserved 1114112K
  class space    used 7547K, committed 7936K, reserved 1048576K
}
Event: 16.820 GC heap after
{Heap after GC invocations=28 (full 0):
 garbage-first heap   total 71680K, used 44455K [0x0000000083600000, 0x0000000100000000)
  region size 1024K, 2 young (2048K), 2 survivors (2048K)
 Metaspace       used 61923K, committed 62720K, reserved 1114112K
  class space    used 7547K, committed 7936K, reserved 1048576K
}
Event: 17.844 GC heap before
{Heap before GC invocations=28 (full 0):
 garbage-first heap   total 71680K, used 63911K [0x0000000083600000, 0x0000000100000000)
  region size 1024K, 21 young (21504K), 2 survivors (2048K)
 Metaspace       used 65957K, committed 66752K, reserved 1114112K
  class space    used 7981K, committed 8384K, reserved 1048576K
}
Event: 17.855 GC heap after
{Heap after GC invocations=29 (full 0):
 garbage-first heap   total 71680K, used 47619K [0x0000000083600000, 0x0000000100000000)
  region size 1024K, 3 young (3072K), 3 survivors (3072K)
 Metaspace       used 65957K, committed 66752K, reserved 1114112K
  class space    used 7981K, committed 8384K, reserved 1048576K
}

