# JRE version: OpenJDK Runtime Environment (21.0.10) (build 21.0.10+-14961533-b1163.108)
# Java VM: OpenJDK 64-Bit Server VM (21.0.10+-14961533-b1163.108, mixed mode, tiered, compressed oops, compressed class ptrs, g1 gc, windows-amd64)
GC Precious Log:
 CardTable entry size: 512
 Card Set container configuration: InlinePtr #cards 5 size 8 Array Of Cards #cards 12 size 40 Howl #buckets 4 coarsen threshold 1843 Howl Bitmap #cards 512 size 80 coarsen threshold 460 Card regions per heap region 1 cards per card region 2048
 CPUs: 4 total, 4 available
 Memory: 7975M
 Large Page Support: Disabled
 NUMA Support: Disabled
 Compressed Oops: Enabled (32-bit)
 Heap Region Size: 1M
 Heap Min Capacity: 8M
 Heap Initial Capacity: 126M
 Heap Max Capacity: 1994M
 Pre-touch: Disabled
 Parallel Workers: 4
 Concurrent Workers: 1
 Concurrent Refinement Workers: 4
 Periodic GC: Disabled
Heap:
 garbage-first heap   total 75776K, used 62801K [0x0000000083600000, 0x0000000100000000)
  region size 1024K, 18 young (18432K), 3 survivors (3072K)
 Metaspace       used 68274K, committed 69120K, reserved 1114112K
  class space    used 8239K, committed 8640K, reserved 1048576K
GC Heap History (20 events):
Event: 12.141 GC heap before
{Heap before GC invocations=15 (full 0):
 garbage-first heap   total 48128K, used 41229K [0x0000000083600000, 0x0000000100000000)
  region size 1024K, 14 young (14336K), 1 survivors (1024K)
 Metaspace       used 46732K, committed 47360K, reserved 1114112K
  class space    used 5635K, committed 5952K, reserved 1048576K
}
Event: 12.149 GC heap after
{Heap after GC invocations=16 (full 0):
 garbage-first heap   total 48128K, used 28561K [0x0000000083600000, 0x0000000100000000)
  region size 1024K, 2 young (2048K), 2 survivors (2048K)
 Metaspace       used 46732K, committed 47360K, reserved 1114112K
  class space    used 5635K, committed 5952K, reserved 1048576K
}
Event: 12.646 GC heap before
{Heap before GC invocations=16 (full 0):
 garbage-first heap   total 48128K, used 40849K [0x0000000083600000, 0x0000000100000000)
  region size 1024K, 15 young (15360K), 2 survivors (2048K)
 Metaspace       used 48471K, committed 49152K, reserved 1114112K
  class space    used 5813K, committed 6144K, reserved 1048576K
}
Event: 12.654 GC heap after
{Heap after GC invocations=17 (full 0):
 garbage-first heap   total 48128K, used 31262K [0x0000000083600000, 0x0000000100000000)
  region size 1024K, 2 young (2048K), 2 survivors (2048K)
 Metaspace       used 48471K, committed 49152K, reserved 1114112K
  class space    used 5813K, committed 6144K, reserved 1048576K
}
Event: 13.045 GC heap before
{Heap before GC invocations=18 (full 0):
 garbage-first heap   total 56320K, used 43550K [0x0000000083600000, 0x0000000100000000)
  region size 1024K, 13 young (13312K), 2 survivors (2048K)
 Metaspace       used 50699K, committed 51392K, reserved 1114112K
  class space    used 6116K, committed 6400K, reserved 1048576K
}
Event: 13.052 GC heap after
{Heap after GC invocations=19 (full 0):
 garbage-first heap   total 56320K, used 35300K [0x0000000083600000, 0x0000000100000000)
  region size 1024K, 2 young (2048K), 2 survivors (2048K)
 Metaspace       used 50699K, committed 51392K, reserved 1114112K
  class space    used 6116K, committed 6400K, reserved 1048576K
}
Event: 13.294 GC heap before
{Heap before GC invocations=19 (full 0):
 garbage-first heap   total 56320K, used 49636K [0x0000000083600000, 0x0000000100000000)
  region size 1024K, 15 young (15360K), 2 survivors (2048K)
 Metaspace       used 51200K, committed 51904K, reserved 1114112K
  class space    used 6181K, committed 6528K, reserved 1048576K
}
Event: 13.303 GC heap after
{Heap after GC invocations=20 (full 0):
 garbage-first heap   total 57344K, used 38689K [0x0000000083600000, 0x0000000100000000)
  region size 1024K, 2 young (2048K), 2 survivors (2048K)
 Metaspace       used 51200K, committed 51904K, reserved 1114112K
  class space    used 6181K, committed 6528K, reserved 1048576K
}
Event: 13.441 GC heap before
{Heap before GC invocations=20 (full 0):
 garbage-first heap   total 57344K, used 49953K [0x0000000083600000, 0x0000000100000000)
  region size 1024K, 13 young (13312K), 2 survivors (2048K)
 Metaspace       used 51246K, committed 51968K, reserved 1114112K
  class space    used 6181K, committed 6528K, reserved 1048576K
}
Event: 13.445 GC heap after
{Heap after GC invocations=21 (full 0):
 garbage-first heap   total 69632K, used 38273K [0x0000000083600000, 0x0000000100000000)
  region size 1024K, 1 young (1024K), 1 survivors (1024K)
 Metaspace       used 51246K, committed 51968K, reserved 1114112K
  class space    used 6181K, committed 6528K, reserved 1048576K
}
Event: 14.182 GC heap before
{Heap before GC invocations=22 (full 0):
 garbage-first heap   total 69632K, used 57729K [0x0000000083600000, 0x0000000100000000)
  region size 1024K, 21 young (21504K), 1 survivors (1024K)
 Metaspace       used 53706K, committed 54464K, reserved 1114112K
  class space    used 6509K, committed 6848K, reserved 1048576K
}
Event: 14.189 GC heap after
{Heap after GC invocations=23 (full 0):
 garbage-first heap   total 69632K, used 40132K [0x0000000083600000, 0x0000000100000000)
  region size 1024K, 3 young (3072K), 3 survivors (3072K)
 Metaspace       used 53706K, committed 54464K, reserved 1114112K
  class space    used 6509K, committed 6848K, reserved 1048576K
}
Event: 14.891 GC heap before
{Heap before GC invocations=23 (full 0):
 garbage-first heap   total 69632K, used 59588K [0x0000000083600000, 0x0000000100000000)
  region size 1024K, 22 young (22528K), 3 survivors (3072K)
 Metaspace       used 56556K, committed 57408K, reserved 1114112K
  class space    used 6835K, committed 7232K, reserved 1048576K
}
Event: 14.902 GC heap after
{Heap after GC invocations=24 (full 0):
 garbage-first heap   total 69632K, used 41248K [0x0000000083600000, 0x0000000100000000)
  region size 1024K, 3 young (3072K), 3 survivors (3072K)
 Metaspace       used 56556K, committed 57408K, reserved 1114112K
  class space    used 6835K, committed 7232K, reserved 1048576K
}
Event: 15.526 GC heap before
{Heap before GC invocations=24 (full 0):
 garbage-first heap   total 69632K, used 59680K [0x0000000083600000, 0x0000000100000000)
  region size 1024K, 21 young (21504K), 3 survivors (3072K)
 Metaspace       used 60414K, committed 61184K, reserved 1114112K
  class space    used 7341K, committed 7744K, reserved 1048576K
}
Event: 15.537 GC heap after
{Heap after GC invocations=25 (full 0):
 garbage-first heap   total 69632K, used 44190K [0x0000000083600000, 0x0000000100000000)
  region size 1024K, 3 young (3072K), 3 survivors (3072K)
 Metaspace       used 60414K, committed 61184K, reserved 1114112K
  class space    used 7341K, committed 7744K, reserved 1048576K
}
Event: 16.615 GC heap before
{Heap before GC invocations=26 (full 0):
 garbage-first heap   total 75776K, used 60574K [0x0000000083600000, 0x0000000100000000)
  region size 1024K, 19 young (19456K), 3 survivors (3072K)
 Metaspace       used 64502K, committed 65280K, reserved 1114112K
  class space    used 7818K, committed 8192K, reserved 1048576K
}
Event: 16.623 GC heap after
{Heap after GC invocations=27 (full 0):
 garbage-first heap   total 75776K, used 46546K [0x0000000083600000, 0x0000000100000000)
  region size 1024K, 3 young (3072K), 3 survivors (3072K)
 Metaspace       used 64502K, committed 65280K, reserved 1114112K
  class space    used 7818K, committed 8192K, reserved 1048576K
}
Event: 17.470 GC heap before
{Heap before GC invocations=27 (full 0):
 garbage-first heap   total 75776K, used 64978K [0x0000000083600000, 0x0000000100000000)
  region size 1024K, 22 young (22528K), 3 survivors (3072K)
 Metaspace       used 67539K, committed 68480K, reserved 1114112K
  class space    used 8192K, committed 8640K, reserved 1048576K
}
Event: 17.482 GC heap after
{Heap after GC invocations=28 (full 0):
 garbage-first heap   total 75776K, used 48465K [0x0000000083600000, 0x0000000100000000)
  region size 1024K, 3 young (3072K), 3 survivors (3072K)
 Metaspace       used 67539K, committed 68480K, reserved 1114112K
  class space    used 8192K, committed 8640K, reserved 1048576K
}

