# JRE version: OpenJDK Runtime Environment (21.0.10) (build 21.0.10+-14961533-b1163.108)
# Java VM: OpenJDK 64-Bit Server VM (21.0.10+-14961533-b1163.108, mixed mode, tiered, compressed oops, compressed class ptrs, g1 gc, windows-amd64)
GC Precious Log:
 CardTable entry size: 512
 Card Set container configuration: InlinePtr #cards 5 size 8 Array Of Cards #cards 12 size 40 Howl #buckets 4 coarsen threshold 1843 Howl Bitmap #cards 512 size 80 coarsen threshold 460 Card regions per heap region 1 cards per card region 2048
 CPUs: 4 total, 4 available
 Memory: 7975M
 Large Page Support: Disabled
 NUMA Support: Disabled
 Compressed Oops: Enabled (32-bit)
 Heap Region Size: 1M
 Heap Min Capacity: 8M
 Heap Initial Capacity: 126M
 Heap Max Capacity: 1994M
 Pre-touch: Disabled
 Parallel Workers: 4
 Concurrent Workers: 1
 Concurrent Refinement Workers: 4
 Periodic GC: Disabled
Heap:
 garbage-first heap   total 265216K, used 159232K [0x0000000083600000, 0x0000000100000000)
  region size 1024K, 44 young (45056K), 5 survivors (5120K)
 Metaspace       used 58044K, committed 58368K, reserved 1114112K
  class space    used 6646K, committed 6784K, reserved 1048576K
GC Heap History (20 events):
Event: 6.684 GC heap before
{Heap before GC invocations=17 (full 0):
 garbage-first heap   total 73728K, used 63378K [0x0000000083600000, 0x0000000100000000)
  region size 1024K, 16 young (16384K), 3 survivors (3072K)
 Metaspace       used 51264K, committed 51520K, reserved 1114112K
  class space    used 5934K, committed 6080K, reserved 1048576K
}
Event: 6.692 GC heap after
{Heap after GC invocations=18 (full 0):
 garbage-first heap   total 73728K, used 55296K [0x0000000083600000, 0x0000000100000000)
  region size 1024K, 2 young (2048K), 2 survivors (2048K)
 Metaspace       used 51264K, committed 51520K, reserved 1114112K
  class space    used 5934K, committed 6080K, reserved 1048576K
}
Event: 6.876 GC heap before
{Heap before GC invocations=19 (full 0):
 garbage-first heap   total 92160K, used 65536K [0x0000000083600000, 0x0000000100000000)
  region size 1024K, 12 young (12288K), 2 survivors (2048K)
 Metaspace       used 51288K, committed 51520K, reserved 1114112K
  class space    used 5934K, committed 6080K, reserved 1048576K
}
Event: 6.883 GC heap after
{Heap after GC invocations=20 (full 0):
 garbage-first heap   total 92160K, used 59392K [0x0000000083600000, 0x0000000100000000)
  region size 1024K, 2 young (2048K), 2 survivors (2048K)
 Metaspace       used 51288K, committed 51520K, reserved 1114112K
  class space    used 5934K, committed 6080K, reserved 1048576K
}
Event: 7.185 GC heap before
{Heap before GC invocations=20 (full 0):
 garbage-first heap   total 92160K, used 74752K [0x0000000083600000, 0x0000000100000000)
  region size 1024K, 18 young (18432K), 2 survivors (2048K)
 Metaspace       used 51833K, committed 52160K, reserved 1114112K
  class space    used 5979K, committed 6144K, reserved 1048576K
}
Event: 7.194 GC heap after
{Heap after GC invocations=21 (full 0):
 garbage-first heap   total 92160K, used 62858K [0x0000000083600000, 0x0000000100000000)
  region size 1024K, 3 young (3072K), 3 survivors (3072K)
 Metaspace       used 51833K, committed 52160K, reserved 1114112K
  class space    used 5979K, committed 6144K, reserved 1048576K
}
Event: 7.252 GC heap before
{Heap before GC invocations=21 (full 0):
 garbage-first heap   total 92160K, used 78218K [0x0000000083600000, 0x0000000100000000)
  region size 1024K, 18 young (18432K), 3 survivors (3072K)
 Metaspace       used 51839K, committed 52160K, reserved 1114112K
  class space    used 5979K, committed 6144K, reserved 1048576K
}
Event: 7.260 GC heap after
{Heap after GC invocations=22 (full 0):
 garbage-first heap   total 165888K, used 66890K [0x0000000083600000, 0x0000000100000000)
  region size 1024K, 3 young (3072K), 3 survivors (3072K)
 Metaspace       used 51839K, committed 52160K, reserved 1114112K
  class space    used 5979K, committed 6144K, reserved 1048576K
}
Event: 7.514 GC heap before
{Heap before GC invocations=23 (full 0):
 garbage-first heap   total 165888K, used 120138K [0x0000000083600000, 0x0000000100000000)
  region size 1024K, 55 young (56320K), 3 survivors (3072K)
 Metaspace       used 51840K, committed 52160K, reserved 1114112K
  class space    used 5980K, committed 6144K, reserved 1048576K
}
Event: 7.523 GC heap after
{Heap after GC invocations=24 (full 0):
 garbage-first heap   total 165888K, used 78279K [0x0000000083600000, 0x0000000100000000)
  region size 1024K, 7 young (7168K), 7 survivors (7168K)
 Metaspace       used 51840K, committed 52160K, reserved 1114112K
  class space    used 5980K, committed 6144K, reserved 1048576K
}
Event: 7.624 GC heap before
{Heap before GC invocations=24 (full 0):
 garbage-first heap   total 165888K, used 125383K [0x0000000083600000, 0x0000000100000000)
  region size 1024K, 53 young (54272K), 7 survivors (7168K)
 Metaspace       used 51840K, committed 52160K, reserved 1114112K
  class space    used 5980K, committed 6144K, reserved 1048576K
}
Event: 7.632 GC heap after
{Heap after GC invocations=25 (full 0):
 garbage-first heap   total 165888K, used 88064K [0x0000000083600000, 0x0000000100000000)
  region size 1024K, 7 young (7168K), 7 survivors (7168K)
 Metaspace       used 51840K, committed 52160K, reserved 1114112K
  class space    used 5980K, committed 6144K, reserved 1048576K
}
Event: 9.459 GC heap before
{Heap before GC invocations=25 (full 0):
 garbage-first heap   total 165888K, used 133120K [0x0000000083600000, 0x0000000100000000)
  region size 1024K, 51 young (52224K), 7 survivors (7168K)
 Metaspace       used 55281K, committed 55552K, reserved 1114112K
  class space    used 6359K, committed 6464K, reserved 1048576K
}
Event: 9.474 GC heap after
{Heap after GC invocations=26 (full 0):
 garbage-first heap   total 165888K, used 98816K [0x0000000083600000, 0x0000000100000000)
  region size 1024K, 7 young (7168K), 7 survivors (7168K)
 Metaspace       used 55281K, committed 55552K, reserved 1114112K
  class space    used 6359K, committed 6464K, reserved 1048576K
}
Event: 10.635 GC heap before
{Heap before GC invocations=27 (full 0):
 garbage-first heap   total 165888K, used 137728K [0x0000000083600000, 0x0000000100000000)
  region size 1024K, 45 young (46080K), 7 survivors (7168K)
 Metaspace       used 57827K, committed 58176K, reserved 1114112K
  class space    used 6619K, committed 6784K, reserved 1048576K
}
Event: 10.652 GC heap after
{Heap after GC invocations=28 (full 0):
 garbage-first heap   total 165888K, used 105984K [0x0000000083600000, 0x0000000100000000)
  region size 1024K, 6 young (6144K), 6 survivors (6144K)
 Metaspace       used 57827K, committed 58176K, reserved 1114112K
  class space    used 6619K, committed 6784K, reserved 1048576K
}
Event: 10.880 GC heap before
{Heap before GC invocations=28 (full 0):
 garbage-first heap   total 165888K, used 142848K [0x0000000083600000, 0x0000000100000000)
  region size 1024K, 42 young (43008K), 6 survivors (6144K)
 Metaspace       used 58044K, committed 58368K, reserved 1114112K
  class space    used 6646K, committed 6784K, reserved 1048576K
}
Event: 10.893 GC heap after
{Heap after GC invocations=29 (full 0):
 garbage-first heap   total 165888K, used 112128K [0x0000000083600000, 0x0000000100000000)
  region size 1024K, 6 young (6144K), 6 survivors (6144K)
 Metaspace       used 58044K, committed 58368K, reserved 1114112K
  class space    used 6646K, committed 6784K, reserved 1048576K
}
Event: 10.957 GC heap before
{Heap before GC invocations=29 (full 0):
 garbage-first heap   total 165888K, used 145920K [0x0000000083600000, 0x0000000100000000)
  region size 1024K, 39 young (39936K), 6 survivors (6144K)
 Metaspace       used 58044K, committed 58368K, reserved 1114112K
  class space    used 6646K, committed 6784K, reserved 1048576K
}
Event: 10.964 GC heap after
{Heap after GC invocations=30 (full 0):
 garbage-first heap   total 265216K, used 120320K [0x0000000083600000, 0x0000000100000000)
  region size 1024K, 5 young (5120K), 5 survivors (5120K)
 Metaspace       used 58044K, committed 58368K, reserved 1114112K
  class space    used 6646K, committed 6784K, reserved 1048576K
}

