# JRE version: OpenJDK Runtime Environment (21.0.10) (build 21.0.10+-14961533-b1163.108)
# Java VM: OpenJDK 64-Bit Server VM (21.0.10+-14961533-b1163.108, mixed mode, tiered, compressed oops, compressed class ptrs, g1 gc, windows-amd64)
GC Precious Log:
 CardTable entry size: 512
 Card Set container configuration: InlinePtr #cards 5 size 8 Array Of Cards #cards 12 size 40 Howl #buckets 4 coarsen threshold 1843 Howl Bitmap #cards 512 size 80 coarsen threshold 460 Card regions per heap region 1 cards per card region 2048
 CPUs: 4 total, 4 available
 Memory: 7975M
 Large Page Support: Disabled
 NUMA Support: Disabled
 Compressed Oops: Enabled (32-bit)
 Heap Region Size: 1M
 Heap Min Capacity: 8M
 Heap Initial Capacity: 126M
 Heap Max Capacity: 1994M
 Pre-touch: Disabled
 Parallel Workers: 4
 Concurrent Workers: 1
 Concurrent Refinement Workers: 4
 Periodic GC: Disabled
Heap:
 garbage-first heap   total 273408K, used 192512K [0x0000000083600000, 0x0000000100000000)
  region size 1024K, 18 young (18432K), 11 survivors (11264K)
 Metaspace       used 73237K, committed 73536K, reserved 1179648K
  class space    used 7813K, committed 7936K, reserved 1048576K
GC Heap History (20 events):
Event: 10.285 GC heap before
{Heap before GC invocations=25 (full 0):
 garbage-first heap   total 204800K, used 162816K [0x0000000083600000, 0x0000000100000000)
  region size 1024K, 69 young (70656K), 10 survivors (10240K)
 Metaspace       used 58073K, committed 58368K, reserved 1114112K
  class space    used 6646K, committed 6784K, reserved 1048576K
}
Event: 10.306 GC heap after
{Heap after GC invocations=26 (full 0):
 garbage-first heap   total 204800K, used 116224K [0x0000000083600000, 0x0000000100000000)
  region size 1024K, 9 young (9216K), 9 survivors (9216K)
 Metaspace       used 58073K, committed 58368K, reserved 1114112K
  class space    used 6646K, committed 6784K, reserved 1048576K
}
Event: 10.658 GC heap before
{Heap before GC invocations=27 (full 0):
 garbage-first heap   total 204800K, used 170496K [0x0000000083600000, 0x0000000100000000)
  region size 1024K, 62 young (63488K), 9 survivors (9216K)
 Metaspace       used 58073K, committed 58368K, reserved 1114112K
  class space    used 6646K, committed 6784K, reserved 1048576K
}
Event: 10.669 GC heap after
{Heap after GC invocations=28 (full 0):
 garbage-first heap   total 204800K, used 128512K [0x0000000083600000, 0x0000000100000000)
  region size 1024K, 8 young (8192K), 8 survivors (8192K)
 Metaspace       used 58073K, committed 58368K, reserved 1114112K
  class space    used 6646K, committed 6784K, reserved 1048576K
}
Event: 11.175 GC heap before
{Heap before GC invocations=28 (full 0):
 garbage-first heap   total 204800K, used 177664K [0x0000000083600000, 0x0000000100000000)
  region size 1024K, 56 young (57344K), 8 survivors (8192K)
 Metaspace       used 58646K, committed 58944K, reserved 1114112K
  class space    used 6689K, committed 6848K, reserved 1048576K
}
Event: 11.190 GC heap after
{Heap after GC invocations=29 (full 0):
 garbage-first heap   total 204800K, used 140288K [0x0000000083600000, 0x0000000100000000)
  region size 1024K, 7 young (7168K), 7 survivors (7168K)
 Metaspace       used 58646K, committed 58944K, reserved 1114112K
  class space    used 6689K, committed 6848K, reserved 1048576K
}
Event: 13.075 GC heap before
{Heap before GC invocations=29 (full 0):
 garbage-first heap   total 204800K, used 180224K [0x0000000083600000, 0x0000000100000000)
  region size 1024K, 46 young (47104K), 7 survivors (7168K)
 Metaspace       used 59913K, committed 60224K, reserved 1114112K
  class space    used 6760K, committed 6912K, reserved 1048576K
}
Event: 13.091 GC heap after
{Heap after GC invocations=30 (full 0):
 garbage-first heap   total 204800K, used 147456K [0x0000000083600000, 0x0000000100000000)
  region size 1024K, 6 young (6144K), 6 survivors (6144K)
 Metaspace       used 59913K, committed 60224K, reserved 1114112K
  class space    used 6760K, committed 6912K, reserved 1048576K
}
Event: 14.586 GC heap before
{Heap before GC invocations=31 (full 0):
 garbage-first heap   total 244736K, used 183296K [0x0000000083600000, 0x0000000100000000)
  region size 1024K, 42 young (43008K), 6 survivors (6144K)
 Metaspace       used 60413K, committed 60736K, reserved 1114112K
  class space    used 6777K, committed 6912K, reserved 1048576K
}
Event: 14.601 GC heap after
{Heap after GC invocations=32 (full 0):
 garbage-first heap   total 244736K, used 152440K [0x0000000083600000, 0x0000000100000000)
  region size 1024K, 6 young (6144K), 6 survivors (6144K)
 Metaspace       used 60413K, committed 60736K, reserved 1114112K
  class space    used 6777K, committed 6912K, reserved 1048576K
}
Event: 17.197 GC heap before
{Heap before GC invocations=32 (full 0):
 garbage-first heap   total 244736K, used 213880K [0x0000000083600000, 0x0000000100000000)
  region size 1024K, 66 young (67584K), 6 survivors (6144K)
 Metaspace       used 60926K, committed 61184K, reserved 1114112K
  class space    used 6792K, committed 6912K, reserved 1048576K
}
Event: 17.212 GC heap after
{Heap after GC invocations=33 (full 0):
 garbage-first heap   total 244736K, used 157768K [0x0000000083600000, 0x0000000100000000)
  region size 1024K, 8 young (8192K), 8 survivors (8192K)
 Metaspace       used 60926K, committed 61184K, reserved 1114112K
  class space    used 6792K, committed 6912K, reserved 1048576K
}
Event: 18.902 GC heap before
{Heap before GC invocations=33 (full 0):
 garbage-first heap   total 244736K, used 217160K [0x0000000083600000, 0x0000000100000000)
  region size 1024K, 66 young (67584K), 8 survivors (8192K)
 Metaspace       used 61229K, committed 61504K, reserved 1114112K
  class space    used 6796K, committed 6912K, reserved 1048576K
}
Event: 18.916 GC heap after
{Heap after GC invocations=34 (full 0):
 garbage-first heap   total 244736K, used 162187K [0x0000000083600000, 0x0000000100000000)
  region size 1024K, 5 young (5120K), 5 survivors (5120K)
 Metaspace       used 61229K, committed 61504K, reserved 1114112K
  class space    used 6796K, committed 6912K, reserved 1048576K
}
Event: 20.615 GC heap before
{Heap before GC invocations=35 (full 0):
 garbage-first heap   total 273408K, used 220555K [0x0000000083600000, 0x0000000100000000)
  region size 1024K, 62 young (63488K), 5 survivors (5120K)
 Metaspace       used 62678K, committed 62976K, reserved 1114112K
  class space    used 6885K, committed 7040K, reserved 1048576K
}
Event: 20.628 GC heap after
{Heap after GC invocations=36 (full 0):
 garbage-first heap   total 273408K, used 166609K [0x0000000083600000, 0x0000000100000000)
  region size 1024K, 8 young (8192K), 8 survivors (8192K)
 Metaspace       used 62678K, committed 62976K, reserved 1114112K
  class space    used 6885K, committed 7040K, reserved 1048576K
}
Event: 23.381 GC heap before
{Heap before GC invocations=36 (full 0):
 garbage-first heap   total 273408K, used 244433K [0x0000000083600000, 0x0000000100000000)
  region size 1024K, 84 young (86016K), 8 survivors (8192K)
 Metaspace       used 65982K, committed 66304K, reserved 1114112K
  class space    used 7151K, committed 7296K, reserved 1048576K
}
Event: 23.407 GC heap after
{Heap after GC invocations=37 (full 0):
 garbage-first heap   total 273408K, used 173614K [0x0000000083600000, 0x0000000100000000)
  region size 1024K, 11 young (11264K), 11 survivors (11264K)
 Metaspace       used 65982K, committed 66304K, reserved 1114112K
  class space    used 7151K, committed 7296K, reserved 1048576K
}
Event: 25.707 GC heap before
{Heap before GC invocations=37 (full 0):
 garbage-first heap   total 273408K, used 246318K [0x0000000083600000, 0x0000000100000000)
  region size 1024K, 82 young (83968K), 11 survivors (11264K)
 Metaspace       used 73186K, committed 73472K, reserved 1179648K
  class space    used 7810K, committed 7936K, reserved 1048576K
}
Event: 25.738 GC heap after
{Heap after GC invocations=38 (full 0):
 garbage-first heap   total 273408K, used 186368K [0x0000000083600000, 0x0000000100000000)
  region size 1024K, 11 young (11264K), 11 survivors (11264K)
 Metaspace       used 73186K, committed 73472K, reserved 1179648K
  class space    used 7810K, committed 7936K, reserved 1048576K
}

