# JRE version: OpenJDK Runtime Environment (21.0.10) (build 21.0.10+-14961533-b1163.108)
# Java VM: OpenJDK 64-Bit Server VM (21.0.10+-14961533-b1163.108, mixed mode, tiered, compressed oops, compressed class ptrs, g1 gc, windows-amd64)
GC Precious Log:
 CardTable entry size: 512
 Card Set container configuration: InlinePtr #cards 5 size 8 Array Of Cards #cards 12 size 40 Howl #buckets 4 coarsen threshold 1843 Howl Bitmap #cards 512 size 80 coarsen threshold 460 Card regions per heap region 1 cards per card region 2048
 CPUs: 4 total, 4 available
 Memory: 7975M
 Large Page Support: Disabled
 NUMA Support: Disabled
 Compressed Oops: Enabled (32-bit)
 Heap Region Size: 1M
 Heap Min Capacity: 8M
 Heap Initial Capacity: 126M
 Heap Max Capacity: 1994M
 Pre-touch: Disabled
 Parallel Workers: 4
 Concurrent Workers: 1
 Concurrent Refinement Workers: 4
 Periodic GC: Disabled
Heap:
 garbage-first heap   total 332800K, used 229229K [0x0000000083600000, 0x0000000100000000)
  region size 1024K, 9 young (9216K), 4 survivors (4096K)
 Metaspace       used 90021K, committed 90432K, reserved 1179648K
  class space    used 9158K, committed 9344K, reserved 1048576K
GC Heap History (20 events):
Event: 11.823 GC heap before
{Heap before GC invocations=30 (full 0):
 garbage-first heap   total 217088K, used 193258K [0x0000000083600000, 0x0000000100000000)
  region size 1024K, 50 young (51200K), 7 survivors (7168K)
 Metaspace       used 60576K, committed 60864K, reserved 1114112K
  class space    used 6783K, committed 6912K, reserved 1048576K
}
Event: 11.842 GC heap after
{Heap after GC invocations=31 (full 0):
 garbage-first heap   total 217088K, used 156551K [0x0000000083600000, 0x0000000100000000)
  region size 1024K, 7 young (7168K), 7 survivors (7168K)
 Metaspace       used 60576K, committed 60864K, reserved 1114112K
  class space    used 6783K, committed 6912K, reserved 1048576K
}
Event: 13.031 GC heap before
{Heap before GC invocations=32 (full 0):
 garbage-first heap   total 260096K, used 195463K [0x0000000083600000, 0x0000000100000000)
  region size 1024K, 46 young (47104K), 7 survivors (7168K)
 Metaspace       used 60898K, committed 61184K, reserved 1114112K
  class space    used 6793K, committed 6912K, reserved 1048576K
}
Event: 13.048 GC heap after
{Heap after GC invocations=33 (full 0):
 garbage-first heap   total 260096K, used 159795K [0x0000000083600000, 0x0000000100000000)
  region size 1024K, 5 young (5120K), 5 survivors (5120K)
 Metaspace       used 60898K, committed 61184K, reserved 1114112K
  class space    used 6793K, committed 6912K, reserved 1048576K
}
Event: 14.750 GC heap before
{Heap before GC invocations=33 (full 0):
 garbage-first heap   total 260096K, used 229427K [0x0000000083600000, 0x0000000100000000)
  region size 1024K, 73 young (74752K), 5 survivors (5120K)
 Metaspace       used 61269K, committed 61568K, reserved 1114112K
  class space    used 6797K, committed 6912K, reserved 1048576K
}
Event: 14.762 GC heap after
{Heap after GC invocations=34 (full 0):
 garbage-first heap   total 260096K, used 163627K [0x0000000083600000, 0x0000000100000000)
  region size 1024K, 10 young (10240K), 10 survivors (10240K)
 Metaspace       used 61269K, committed 61568K, reserved 1114112K
  class space    used 6797K, committed 6912K, reserved 1048576K
}
Event: 16.358 GC heap before
{Heap before GC invocations=34 (full 0):
 garbage-first heap   total 260096K, used 233259K [0x0000000083600000, 0x0000000100000000)
  region size 1024K, 78 young (79872K), 10 survivors (10240K)
 Metaspace       used 64318K, committed 64640K, reserved 1114112K
  class space    used 7092K, committed 7232K, reserved 1048576K
}
Event: 16.375 GC heap after
{Heap after GC invocations=35 (full 0):
 garbage-first heap   total 260096K, used 169326K [0x0000000083600000, 0x0000000100000000)
  region size 1024K, 10 young (10240K), 10 survivors (10240K)
 Metaspace       used 64318K, committed 64640K, reserved 1114112K
  class space    used 7092K, committed 7232K, reserved 1048576K
}
Event: 19.878 GC heap before
{Heap before GC invocations=36 (full 0):
 garbage-first heap   total 283648K, used 235886K [0x0000000083600000, 0x0000000100000000)
  region size 1024K, 75 young (76800K), 10 survivors (10240K)
 Metaspace       used 66009K, committed 66304K, reserved 1114112K
  class space    used 7151K, committed 7296K, reserved 1048576K
}
Event: 19.898 GC heap after
{Heap after GC invocations=37 (full 0):
 garbage-first heap   total 283648K, used 178110K [0x0000000083600000, 0x0000000100000000)
  region size 1024K, 8 young (8192K), 8 survivors (8192K)
 Metaspace       used 66009K, committed 66304K, reserved 1114112K
  class space    used 7151K, committed 7296K, reserved 1048576K
}
Event: 22.157 GC heap before
{Heap before GC invocations=37 (full 0):
 garbage-first heap   total 283648K, used 256958K [0x0000000083600000, 0x0000000100000000)
  region size 1024K, 85 young (87040K), 8 survivors (8192K)
 Metaspace       used 73228K, committed 73536K, reserved 1179648K
  class space    used 7815K, committed 7936K, reserved 1048576K
}
Event: 22.184 GC heap after
{Heap after GC invocations=38 (full 0):
 garbage-first heap   total 283648K, used 188928K [0x0000000083600000, 0x0000000100000000)
  region size 1024K, 11 young (11264K), 11 survivors (11264K)
 Metaspace       used 73228K, committed 73536K, reserved 1179648K
  class space    used 7815K, committed 7936K, reserved 1048576K
}
Event: 23.860 GC heap before
{Heap before GC invocations=38 (full 0):
 garbage-first heap   total 283648K, used 257536K [0x0000000083600000, 0x0000000100000000)
  region size 1024K, 78 young (79872K), 11 survivors (11264K)
 Metaspace       used 78240K, committed 78528K, reserved 1179648K
  class space    used 8208K, committed 8320K, reserved 1048576K
}
Event: 23.887 GC heap after
{Heap after GC invocations=39 (full 0):
 garbage-first heap   total 283648K, used 199168K [0x0000000083600000, 0x0000000100000000)
  region size 1024K, 9 young (9216K), 9 survivors (9216K)
 Metaspace       used 78240K, committed 78528K, reserved 1179648K
  class space    used 8208K, committed 8320K, reserved 1048576K
}
Event: 25.483 GC heap before
{Heap before GC invocations=40 (full 0):
 garbage-first heap   total 332800K, used 259584K [0x0000000083600000, 0x0000000100000000)
  region size 1024K, 68 young (69632K), 9 survivors (9216K)
 Metaspace       used 79252K, committed 79616K, reserved 1179648K
  class space    used 8283K, committed 8448K, reserved 1048576K
}
Event: 25.512 GC heap after
{Heap after GC invocations=41 (full 0):
 garbage-first heap   total 332800K, used 215552K [0x0000000083600000, 0x0000000100000000)
  region size 1024K, 9 young (9216K), 9 survivors (9216K)
 Metaspace       used 79252K, committed 79616K, reserved 1179648K
  class space    used 8283K, committed 8448K, reserved 1048576K
}
Event: 27.871 GC heap before
{Heap before GC invocations=41 (full 0):
 garbage-first heap   total 332800K, used 294400K [0x0000000083600000, 0x0000000100000000)
  region size 1024K, 86 young (88064K), 9 survivors (9216K)
 Metaspace       used 86591K, committed 86912K, reserved 1179648K
  class space    used 8978K, committed 9152K, reserved 1048576K
}
Event: 27.894 GC heap after
{Heap after GC invocations=42 (full 0):
 garbage-first heap   total 332800K, used 221696K [0x0000000083600000, 0x0000000100000000)
  region size 1024K, 7 young (7168K), 7 survivors (7168K)
 Metaspace       used 86591K, committed 86912K, reserved 1179648K
  class space    used 8978K, committed 9152K, reserved 1048576K
}
Event: 29.762 GC heap before
{Heap before GC invocations=42 (full 0):
 garbage-first heap   total 332800K, used 267776K [0x0000000083600000, 0x0000000100000000)
  region size 1024K, 53 young (54272K), 7 survivors (7168K)
 Metaspace       used 89908K, committed 90304K, reserved 1179648K
  class space    used 9157K, committed 9344K, reserved 1048576K
}
Event: 29.777 GC heap after
{Heap after GC invocations=43 (full 0):
 garbage-first heap   total 332800K, used 225133K [0x0000000083600000, 0x0000000100000000)
  region size 1024K, 4 young (4096K), 4 survivors (4096K)
 Metaspace       used 89908K, committed 90304K, reserved 1179648K
  class space    used 9157K, committed 9344K, reserved 1048576K
}

